<?xml version="1.0" encoding="UTF-8"?>
<!-- Generated by org.testng.reporters.JUnitReportReporter -->
<testsuite hostname="DESKTOP-VHPHOKO" failures="0" tests="1" name="testcases.EcotrakLogin" time="8.567" errors="0" timestamp="14 Dec 2020 20:54:31 GMT" skipped="0">
  <testcase classname="testcases.EcotrakLogin" name="ecotrakLoginTest" time="8.567"/>
</testsuite> <!-- testcases.EcotrakLogin -->
