<?xml version="1.0" encoding="UTF-8"?>
<!-- Generated by org.testng.reporters.JUnitReportReporter -->
<testsuite hostname="LaptopWin" failures="0" tests="1" name="testcases.EcotrakServiceRequest" time="81.471" errors="0" timestamp="09 Mar 2021 18:25:08 GMT" skipped="0">
  <testcase classname="testcases.EcotrakServiceRequest" name="ecotrakLoginTest" time="81.471"/>
</testsuite> <!-- testcases.EcotrakServiceRequest -->
