<?xml version="1.0" encoding="UTF-8"?>
<!-- Generated by org.testng.reporters.JUnitReportReporter -->
<testsuite hostname="LaptopWin" failures="0" tests="1" name="testcases.ItemOrder" time="13.137" errors="0" timestamp="10 Sep 2021 22:14:29 GMT" skipped="0">
  <testcase classname="testcases.ItemOrder" name="ecotrakLoginTest" time="13.137"/>
</testsuite> <!-- testcases.ItemOrder -->
