<?xml version="1.0" encoding="UTF-8"?>
<!-- Generated by org.testng.reporters.JUnitReportReporter -->
<testsuite hostname="LaptopWin" failures="0" tests="1" name="testcases.EcotrakProposals" time="77.716" errors="0" timestamp="09 Mar 2021 18:34:52 GMT" skipped="0">
  <testcase classname="testcases.EcotrakProposals" name="ecotrakLoginTest" time="77.716"/>
</testsuite> <!-- testcases.EcotrakProposals -->
