<?xml version="1.0" encoding="UTF-8"?>
<!-- Generated by org.testng.reporters.JUnitReportReporter -->
<testsuite hostname="LaptopWin" failures="0" tests="1" name="testcases.EcotrakWorkOrders" time="73.430" errors="0" timestamp="09 Mar 2021 18:27:41 GMT" skipped="0">
  <testcase classname="testcases.EcotrakWorkOrders" name="ecotrakLoginTest" time="73.430"/>
</testsuite> <!-- testcases.EcotrakWorkOrders -->
