<?xml version="1.0" encoding="UTF-8"?>
<!-- Generated by org.testng.reporters.JUnitReportReporter -->
<testsuite hostname="DESKTOP-VHPHOKO" failures="0" tests="1" name="testcases.BankManagerLoginTest" time="3.888" errors="0" timestamp="16 Nov 2020 17:03:36 GMT" skipped="0">
  <testcase classname="testcases.BankManagerLoginTest" name="bankManagerLoginTest" time="3.888"/>
</testsuite> <!-- testcases.BankManagerLoginTest -->
