<?xml version="1.0" encoding="UTF-8"?>
<!-- Generated by org.testng.reporters.JUnitReportReporter -->
<testsuite hostname="DESKTOP-VHPHOKO" failures="0" tests="1" name="testcases.EcotrakInvoices" time="14.504" errors="0" timestamp="01 Dec 2020 21:28:30 GMT" skipped="0">
  <testcase classname="testcases.EcotrakInvoices" name="ecotrakLoginTest" time="14.504"/>
</testsuite> <!-- testcases.EcotrakInvoices -->
