<?xml version="1.0" encoding="UTF-8"?>
<!-- Generated by org.testng.reporters.JUnitReportReporter -->
<testsuite hostname="DESKTOP-VHPHOKO" failures="0" tests="1" name="testcases.EcotrakAdmin" time="10.785" errors="0" timestamp="14 Dec 2020 20:34:27 GMT" skipped="0">
  <testcase classname="testcases.EcotrakAdmin" name="ecotrakLoginTest" time="10.785"/>
</testsuite> <!-- testcases.EcotrakAdmin -->
